Change Component Footprint: Designator=C500 Old Footprint=CAP_ALUM_D5.0_S2.0 New Footprint=CAP_ALUM_SMD_6377_TYPE_D8
Change Component Footprint: Designator=C502 Old Footprint=CAP_ALUM_D5.0_S2.0 New Footprint=CAP_ALUM_SMD_6377_TYPE_D8
Change Component Footprint: Designator=C503 Old Footprint=CAP_ALUM_D5.0_S2.0 New Footprint=CAP_ALUM_SMD_6377_TYPE_D8
Change Component Comment : Designator=C500 Old Comment=10uF/25 New Comment=220uF/16V
Change Component Comment : Designator=C502 Old Comment=100uF/25 New Comment=220uF/16V
Change Component Comment : Designator=C503 Old Comment=100uF/25 New Comment=220uF/16V
Change component parameters: Designator = "C100"; Footprint = "CAP_CERAMIC_0805(2012mm)"; UniqueID = "\XKTKCKNY\EOWDVJXJ"
Change component parameters. Clean all parameters for all variants
Change component parameters (AddParameter): Name = "Component Type"; Value = "T? Ceramic"; VariantName = "[No Variations]"
Change component parameters (AddParameter): Name = "LatestRevisionDate"; Value = "17-Jul-2002"; VariantName = "[No Variations]"
Change component parameters (AddParameter): Name = "LatestRevisionNote"; Value = "Re-released for DXP Platform."; VariantName = "[No Variations]"
Change component parameters (AddParameter): Name = "PackageReference"; Value = "RAD-0.3"; VariantName = "[No Variations]"
Change component parameters (AddParameter): Name = "Published"; Value = "8-Jun-2000"; VariantName = "[No Variations]"
Change component parameters (AddParameter): Name = "Publisher"; Value = "Altium Limited"; VariantName = "[No Variations]"
Change component parameters (AddParameter): Name = "Type"; Value = "T? Ceramic"; VariantName = "[No Variations]"
Change component parameters (AddParameter): Name = "Value"; Value = "33p"; VariantName = "[No Variations]"
Change component parameters: Designator = "C101"; Footprint = "CAP_CERAMIC_0805(2012mm)"; UniqueID = "\XKTKCKNY\XYXAEDKK"
Change component parameters. Clean all parameters for all variants
Change component parameters (AddParameter): Name = "Component Type"; Value = "T? Ceramic"; VariantName = "[No Variations]"
Change component parameters (AddParameter): Name = "LatestRevisionDate"; Value = "17-Jul-2002"; VariantName = "[No Variations]"
Change component parameters (AddParameter): Name = "LatestRevisionNote"; Value = "Re-released for DXP Platform."; VariantName = "[No Variations]"
Change component parameters (AddParameter): Name = "PackageReference"; Value = "RAD-0.3"; VariantName = "[No Variations]"
Change component parameters (AddParameter): Name = "Published"; Value = "8-Jun-2000"; VariantName = "[No Variations]"
Change component parameters (AddParameter): Name = "Publisher"; Value = "Altium Limited"; VariantName = "[No Variations]"
Change component parameters (AddParameter): Name = "Type"; Value = "T? Ceramic"; VariantName = "[No Variations]"
Change component parameters (AddParameter): Name = "Value"; Value = "33p"; VariantName = "[No Variations]"
Change component parameters: Designator = "C102"; Footprint = "CAP_CERAMIC_0805(2012mm)"; UniqueID = "\XKTKCKNY\ANENEGDG"
Change component parameters. Clean all parameters for all variants
Change component parameters (AddParameter): Name = "Component Type"; Value = "T? Ceramic"; VariantName = "[No Variations]"
Change component parameters (AddParameter): Name = "LatestRevisionDate"; Value = "17-Jul-2002"; VariantName = "[No Variations]"
Change component parameters (AddParameter): Name = "LatestRevisionNote"; Value = "Re-released for DXP Platform."; VariantName = "[No Variations]"
Change component parameters (AddParameter): Name = "PackageReference"; Value = "RAD-0.3"; VariantName = "[No Variations]"
Change component parameters (AddParameter): Name = "Published"; Value = "8-Jun-2000"; VariantName = "[No Variations]"
Change component parameters (AddParameter): Name = "Publisher"; Value = "Altium Limited"; VariantName = "[No Variations]"
Change component parameters (AddParameter): Name = "Type"; Value = "T? Ceramic"; VariantName = "[No Variations]"
Change component parameters (AddParameter): Name = "Value"; Value = "33p"; VariantName = "[No Variations]"
Change component parameters: Designator = "C103"; Footprint = "CAP_CERAMIC_0805(2012mm)"; UniqueID = "\XKTKCKNY\FECWSOLL"
Change component parameters. Clean all parameters for all variants
Change component parameters (AddParameter): Name = "Component Type"; Value = "T? Ceramic"; VariantName = "[No Variations]"
Change component parameters (AddParameter): Name = "LatestRevisionDate"; Value = "17-Jul-2002"; VariantName = "[No Variations]"
Change component parameters (AddParameter): Name = "LatestRevisionNote"; Value = "Re-released for DXP Platform."; VariantName = "[No Variations]"
Change component parameters (AddParameter): Name = "PackageReference"; Value = "RAD-0.3"; VariantName = "[No Variations]"
Change component parameters (AddParameter): Name = "Published"; Value = "8-Jun-2000"; VariantName = "[No Variations]"
Change component parameters (AddParameter): Name = "Publisher"; Value = "Altium Limited"; VariantName = "[No Variations]"
Change component parameters (AddParameter): Name = "Type"; Value = "T? Ceramic"; VariantName = "[No Variations]"
Change component parameters (AddParameter): Name = "Value"; Value = "33p"; VariantName = "[No Variations]"
Change component parameters: Designator = "C104"; Footprint = "CAP_CERAMIC_0805(2012mm)"; UniqueID = "\XKTKCKNY\BBPADPVJ"
Change component parameters. Clean all parameters for all variants
Change component parameters (AddParameter): Name = "Component Type"; Value = "T? Ceramic"; VariantName = "[No Variations]"
Change component parameters (AddParameter): Name = "LatestRevisionDate"; Value = "17-Jul-2002"; VariantName = "[No Variations]"
Change component parameters (AddParameter): Name = "LatestRevisionNote"; Value = "Re-released for DXP Platform."; VariantName = "[No Variations]"
Change component parameters (AddParameter): Name = "PackageReference"; Value = "RAD-0.3"; VariantName = "[No Variations]"
Change component parameters (AddParameter): Name = "Published"; Value = "8-Jun-2000"; VariantName = "[No Variations]"
Change component parameters (AddParameter): Name = "Publisher"; Value = "Altium Limited"; VariantName = "[No Variations]"
Change component parameters (AddParameter): Name = "Type"; Value = "T? Ceramic"; VariantName = "[No Variations]"
Change component parameters (AddParameter): Name = "Value"; Value = "33p"; VariantName = "[No Variations]"
Change component parameters: Designator = "C105"; Footprint = "CAP_CERAMIC_0805(2012mm)"; UniqueID = "\XKTKCKNY\RWHTGRTX"
Change component parameters. Clean all parameters for all variants
Change component parameters (AddParameter): Name = "Component Type"; Value = "T? Ceramic"; VariantName = "[No Variations]"
Change component parameters (AddParameter): Name = "LatestRevisionDate"; Value = "17-Jul-2002"; VariantName = "[No Variations]"
Change component parameters (AddParameter): Name = "LatestRevisionNote"; Value = "Re-released for DXP Platform."; VariantName = "[No Variations]"
Change component parameters (AddParameter): Name = "PackageReference"; Value = "RAD-0.3"; VariantName = "[No Variations]"
Change component parameters (AddParameter): Name = "Published"; Value = "8-Jun-2000"; VariantName = "[No Variations]"
Change component parameters (AddParameter): Name = "Publisher"; Value = "Altium Limited"; VariantName = "[No Variations]"
Change component parameters (AddParameter): Name = "Type"; Value = "T? Ceramic"; VariantName = "[No Variations]"
Change component parameters (AddParameter): Name = "Value"; Value = "33p"; VariantName = "[No Variations]"
Change component parameters: Designator = "C106"; Footprint = "CAP_CERAMIC_0805(2012mm)"; UniqueID = "\XKTKCKNY\CHVOHJFC"
Change component parameters. Clean all parameters for all variants
Change component parameters (AddParameter): Name = "Component Type"; Value = "T? Ceramic"; VariantName = "[No Variations]"
Change component parameters (AddParameter): Name = "LatestRevisionDate"; Value = "17-Jul-2002"; VariantName = "[No Variations]"
Change component parameters (AddParameter): Name = "LatestRevisionNote"; Value = "Re-released for DXP Platform."; VariantName = "[No Variations]"
Change component parameters (AddParameter): Name = "PackageReference"; Value = "RAD-0.3"; VariantName = "[No Variations]"
Change component parameters (AddParameter): Name = "Published"; Value = "8-Jun-2000"; VariantName = "[No Variations]"
Change component parameters (AddParameter): Name = "Publisher"; Value = "Altium Limited"; VariantName = "[No Variations]"
Change component parameters (AddParameter): Name = "Type"; Value = "T? Ceramic"; VariantName = "[No Variations]"
Change component parameters (AddParameter): Name = "Value"; Value = "33p"; VariantName = "[No Variations]"
Change component parameters: Designator = "C107"; Footprint = "CAP_CERAMIC_0805(2012mm)"; UniqueID = "\XKTKCKNY\YQAFPMVD"
Change component parameters. Clean all parameters for all variants
Change component parameters (AddParameter): Name = "Component Type"; Value = "T? Ceramic"; VariantName = "[No Variations]"
Change component parameters (AddParameter): Name = "LatestRevisionDate"; Value = "17-Jul-2002"; VariantName = "[No Variations]"
Change component parameters (AddParameter): Name = "LatestRevisionNote"; Value = "Re-released for DXP Platform."; VariantName = "[No Variations]"
Change component parameters (AddParameter): Name = "PackageReference"; Value = "RAD-0.3"; VariantName = "[No Variations]"
Change component parameters (AddParameter): Name = "Published"; Value = "8-Jun-2000"; VariantName = "[No Variations]"
Change component parameters (AddParameter): Name = "Publisher"; Value = "Altium Limited"; VariantName = "[No Variations]"
Change component parameters (AddParameter): Name = "Type"; Value = "T? Ceramic"; VariantName = "[No Variations]"
Change component parameters (AddParameter): Name = "Value"; Value = "33p"; VariantName = "[No Variations]"
Change component parameters: Designator = "C108"; Footprint = "CAP_CERAMIC_0805(2012mm)"; UniqueID = "\XKTKCKNY\GKWVBEIW"
Change component parameters. Clean all parameters for all variants
Change component parameters (AddParameter): Name = "Component Type"; Value = "T? Ceramic"; VariantName = "[No Variations]"
Change component parameters (AddParameter): Name = "LatestRevisionDate"; Value = "17-Jul-2002"; VariantName = "[No Variations]"
Change component parameters (AddParameter): Name = "LatestRevisionNote"; Value = "Re-released for DXP Platform."; VariantName = "[No Variations]"
Change component parameters (AddParameter): Name = "PackageReference"; Value = "RAD-0.3"; VariantName = "[No Variations]"
Change component parameters (AddParameter): Name = "Published"; Value = "8-Jun-2000"; VariantName = "[No Variations]"
Change component parameters (AddParameter): Name = "Publisher"; Value = "Altium Limited"; VariantName = "[No Variations]"
Change component parameters (AddParameter): Name = "Type"; Value = "T? Ceramic"; VariantName = "[No Variations]"
Change component parameters (AddParameter): Name = "Value"; Value = "33p"; VariantName = "[No Variations]"
Change component parameters: Designator = "C109"; Footprint = "CAP_CERAMIC_0805(2012mm)"; UniqueID = "\XKTKCKNY\TWLSOCXA"
Change component parameters. Clean all parameters for all variants
Change component parameters (AddParameter): Name = "Component Type"; Value = "T? Ceramic"; VariantName = "[No Variations]"
Change component parameters (AddParameter): Name = "LatestRevisionDate"; Value = "17-Jul-2002"; VariantName = "[No Variations]"
Change component parameters (AddParameter): Name = "LatestRevisionNote"; Value = "Re-released for DXP Platform."; VariantName = "[No Variations]"
Change component parameters (AddParameter): Name = "PackageReference"; Value = "RAD-0.3"; VariantName = "[No Variations]"
Change component parameters (AddParameter): Name = "Published"; Value = "8-Jun-2000"; VariantName = "[No Variations]"
Change component parameters (AddParameter): Name = "Publisher"; Value = "Altium Limited"; VariantName = "[No Variations]"
Change component parameters (AddParameter): Name = "Type"; Value = "T? Ceramic"; VariantName = "[No Variations]"
Change component parameters (AddParameter): Name = "Value"; Value = "33p"; VariantName = "[No Variations]"
Change component parameters: Designator = "C110"; Footprint = "CAP_CERAMIC_0805(2012mm)"; UniqueID = "\XKTKCKNY\FSNFFGFO"
Change component parameters. Clean all parameters for all variants
Change component parameters (AddParameter): Name = "Component Type"; Value = "T? Ceramic"; VariantName = "[No Variations]"
Change component parameters (AddParameter): Name = "LatestRevisionDate"; Value = "17-Jul-2002"; VariantName = "[No Variations]"
Change component parameters (AddParameter): Name = "LatestRevisionNote"; Value = "Re-released for DXP Platform."; VariantName = "[No Variations]"
Change component parameters (AddParameter): Name = "PackageReference"; Value = "RAD-0.3"; VariantName = "[No Variations]"
Change component parameters (AddParameter): Name = "Published"; Value = "8-Jun-2000"; VariantName = "[No Variations]"
Change component parameters (AddParameter): Name = "Publisher"; Value = "Altium Limited"; VariantName = "[No Variations]"
Change component parameters (AddParameter): Name = "Type"; Value = "T? Ceramic"; VariantName = "[No Variations]"
Change component parameters (AddParameter): Name = "Value"; Value = "33p"; VariantName = "[No Variations]"
Change component parameters: Designator = "C111"; Footprint = "CAP_CERAMIC_0805(2012mm)"; UniqueID = "\XKTKCKNY\PSEPXGBF"
Change component parameters. Clean all parameters for all variants
Change component parameters (AddParameter): Name = "Component Type"; Value = "T? Ceramic"; VariantName = "[No Variations]"
Change component parameters (AddParameter): Name = "LatestRevisionDate"; Value = "17-Jul-2002"; VariantName = "[No Variations]"
Change component parameters (AddParameter): Name = "LatestRevisionNote"; Value = "Re-released for DXP Platform."; VariantName = "[No Variations]"
Change component parameters (AddParameter): Name = "PackageReference"; Value = "RAD-0.3"; VariantName = "[No Variations]"
Change component parameters (AddParameter): Name = "Published"; Value = "8-Jun-2000"; VariantName = "[No Variations]"
Change component parameters (AddParameter): Name = "Publisher"; Value = "Altium Limited"; VariantName = "[No Variations]"
Change component parameters (AddParameter): Name = "Type"; Value = "T? Ceramic"; VariantName = "[No Variations]"
Change component parameters (AddParameter): Name = "Value"; Value = "33p"; VariantName = "[No Variations]"
Change component parameters: Designator = "C400"; Footprint = "CAP_CERAMIC_0805(2012mm)"; UniqueID = "\VYERVOFV\KQFALHCS"
Change component parameters. Clean all parameters for all variants
Change component parameters (AddParameter): Name = "Component Type"; Value = "T? Ceramic"; VariantName = "[No Variations]"
Change component parameters (AddParameter): Name = "LatestRevisionDate"; Value = "17-Jul-2002"; VariantName = "[No Variations]"
Change component parameters (AddParameter): Name = "LatestRevisionNote"; Value = "Re-released for DXP Platform."; VariantName = "[No Variations]"
Change component parameters (AddParameter): Name = "PackageReference"; Value = "RAD-0.3"; VariantName = "[No Variations]"
Change component parameters (AddParameter): Name = "Published"; Value = "8-Jun-2000"; VariantName = "[No Variations]"
Change component parameters (AddParameter): Name = "Publisher"; Value = "Altium Limited"; VariantName = "[No Variations]"
Change component parameters (AddParameter): Name = "Type"; Value = "T? Ceramic"; VariantName = "[No Variations]"
Change component parameters (AddParameter): Name = "Value"; Value = "33p"; VariantName = "[No Variations]"
Change component parameters: Designator = "C501"; Footprint = "CAP_CERAMIC_0805(2012mm)"; UniqueID = "\ITRTJABV\FTHJMJVR"
Change component parameters. Clean all parameters for all variants
Change component parameters (AddParameter): Name = "Component Type"; Value = "T? Ceramic"; VariantName = "[No Variations]"
Change component parameters (AddParameter): Name = "LatestRevisionDate"; Value = "17-Jul-2002"; VariantName = "[No Variations]"
Change component parameters (AddParameter): Name = "LatestRevisionNote"; Value = "Re-released for DXP Platform."; VariantName = "[No Variations]"
Change component parameters (AddParameter): Name = "PackageReference"; Value = "RAD-0.3"; VariantName = "[No Variations]"
Change component parameters (AddParameter): Name = "Published"; Value = "8-Jun-2000"; VariantName = "[No Variations]"
Change component parameters (AddParameter): Name = "Publisher"; Value = "Altium Limited"; VariantName = "[No Variations]"
Change component parameters (AddParameter): Name = "Type"; Value = "T? Ceramic"; VariantName = "[No Variations]"
Change component parameters (AddParameter): Name = "Value"; Value = "33p"; VariantName = "[No Variations]"
Change component parameters: Designator = "C500"; Footprint = "CAP_ALUM_SMD_6377_TYPE_D8"; UniqueID = "\ITRTJABV\NGEHEMUN"
Change component parameters. Clean all parameters for all variants
Change component parameters (AddParameter): Name = "Capacitance"; Value = "220µF"; VariantName = "[No Variations]"
Change component parameters (AddParameter): Name = "Category"; Value = "Capacitors"; VariantName = "[No Variations]"
Change component parameters (AddParameter): Name = "ComponentLink1Description"; Value = "http://www.nichicon.co.jp/english/products/pdfs/e-wt.pdf"; VariantName = "[No Variations]"
Change component parameters (AddParameter): Name = "ComponentLink1URL"; Value = "http://www.nichicon.co.jp/english/products/pdfs/e-wt.pdf"; VariantName = "[No Variations]"
Change component parameters (AddParameter): Name = "ESR (Equivalent Series Resistance)"; Value = "-"; VariantName = "[No Variations]"
Change component parameters (AddParameter): Name = "Features"; Value = "General Purpose"; VariantName = "[No Variations]"
Change component parameters (AddParameter): Name = "Height - Seated (Max)"; Value = "0.303" (7.70mm)"; VariantName = "[No Variations]"
Change component parameters (AddParameter): Name = "Impedance"; Value = "-"; VariantName = "[No Variations]"
Change component parameters (AddParameter): Name = "Lead Spacing"; Value = "-"; VariantName = "[No Variations]"
Change component parameters (AddParameter): Name = "Lifetime @ Temp."; Value = "1000 Hrs @ 105°C"; VariantName = "[No Variations]"
Change component parameters (AddParameter): Name = "Manufacturer"; Value = "Nichicon"; VariantName = "[No Variations]"
Change component parameters (AddParameter): Name = "Manufacturer Part Number"; Value = "UWT1C221MCL1GS"; VariantName = "[No Variations]"
Change component parameters (AddParameter): Name = "Mounting Type"; Value = "Surface Mount"; VariantName = "[No Variations]"
Change component parameters (AddParameter): Name = "Operating Temperature"; Value = "-55°C ~ 105°C"; VariantName = "[No Variations]"
Change component parameters (AddParameter): Name = "Package / Case"; Value = "Radial, Can - SMD"; VariantName = "[No Variations]"
Change component parameters (AddParameter): Name = "Packaging"; Value = "Cut Tape (CT)"; VariantName = "[No Variations]"
Change component parameters (AddParameter): Name = "Pricing 1"; Value = "1=0.46, 10=0.366, 100=0.2205, 250=0.16536 (USD)"; VariantName = "[No Variations]"
Change component parameters (AddParameter): Name = "Ripple Current"; Value = "105mA"; VariantName = "[No Variations]"
Change component parameters (AddParameter): Name = "RoHS"; Value = "RoHS Compliant"; VariantName = "[No Variations]"
Change component parameters (AddParameter): Name = "Size / Dimension"; Value = "0.248" Dia (6.30mm)"; VariantName = "[No Variations]"
Change component parameters (AddParameter): Name = "Stock 1"; Value = "45106"; VariantName = "[No Variations]"
Change component parameters (AddParameter): Name = "Supplier 1"; Value = "Digi-Key"; VariantName = "[No Variations]"
Change component parameters (AddParameter): Name = "Supplier Part Number 1"; Value = "493-2179-1-ND"; VariantName = "[No Variations]"
Change component parameters (AddParameter): Name = "Surface Mount Land Size"; Value = "0.260" L x 0.260" W (6.60mm x 6.60mm)"; VariantName = "[No Variations]"
Change component parameters (AddParameter): Name = "Tolerance"; Value = "±20%"; VariantName = "[No Variations]"
Change component parameters (AddParameter): Name = "Voltage Rating"; Value = "16V"; VariantName = "[No Variations]"
Change component parameters: Designator = "C502"; Footprint = "CAP_ALUM_SMD_6377_TYPE_D8"; UniqueID = "\ITRTJABV\PQICBVJI"
Change component parameters. Clean all parameters for all variants
Change component parameters (AddParameter): Name = "Capacitance"; Value = "220µF"; VariantName = "[No Variations]"
Change component parameters (AddParameter): Name = "Category"; Value = "Capacitors"; VariantName = "[No Variations]"
Change component parameters (AddParameter): Name = "ComponentLink1Description"; Value = "http://www.nichicon.co.jp/english/products/pdfs/e-wt.pdf"; VariantName = "[No Variations]"
Change component parameters (AddParameter): Name = "ComponentLink1URL"; Value = "http://www.nichicon.co.jp/english/products/pdfs/e-wt.pdf"; VariantName = "[No Variations]"
Change component parameters (AddParameter): Name = "ESR (Equivalent Series Resistance)"; Value = "-"; VariantName = "[No Variations]"
Change component parameters (AddParameter): Name = "Features"; Value = "General Purpose"; VariantName = "[No Variations]"
Change component parameters (AddParameter): Name = "Height - Seated (Max)"; Value = "0.303" (7.70mm)"; VariantName = "[No Variations]"
Change component parameters (AddParameter): Name = "Impedance"; Value = "-"; VariantName = "[No Variations]"
Change component parameters (AddParameter): Name = "Lead Spacing"; Value = "-"; VariantName = "[No Variations]"
Change component parameters (AddParameter): Name = "Lifetime @ Temp."; Value = "1000 Hrs @ 105°C"; VariantName = "[No Variations]"
Change component parameters (AddParameter): Name = "Manufacturer"; Value = "Nichicon"; VariantName = "[No Variations]"
Change component parameters (AddParameter): Name = "Manufacturer Part Number"; Value = "UWT1C221MCL1GS"; VariantName = "[No Variations]"
Change component parameters (AddParameter): Name = "Mounting Type"; Value = "Surface Mount"; VariantName = "[No Variations]"
Change component parameters (AddParameter): Name = "Operating Temperature"; Value = "-55°C ~ 105°C"; VariantName = "[No Variations]"
Change component parameters (AddParameter): Name = "Package / Case"; Value = "Radial, Can - SMD"; VariantName = "[No Variations]"
Change component parameters (AddParameter): Name = "Packaging"; Value = "Cut Tape (CT)"; VariantName = "[No Variations]"
Change component parameters (AddParameter): Name = "Pricing 1"; Value = "1=0.46, 10=0.366, 100=0.2205, 250=0.16536 (USD)"; VariantName = "[No Variations]"
Change component parameters (AddParameter): Name = "Ripple Current"; Value = "105mA"; VariantName = "[No Variations]"
Change component parameters (AddParameter): Name = "RoHS"; Value = "RoHS Compliant"; VariantName = "[No Variations]"
Change component parameters (AddParameter): Name = "Size / Dimension"; Value = "0.248" Dia (6.30mm)"; VariantName = "[No Variations]"
Change component parameters (AddParameter): Name = "Stock 1"; Value = "45106"; VariantName = "[No Variations]"
Change component parameters (AddParameter): Name = "Supplier 1"; Value = "Digi-Key"; VariantName = "[No Variations]"
Change component parameters (AddParameter): Name = "Supplier Part Number 1"; Value = "493-2179-1-ND"; VariantName = "[No Variations]"
Change component parameters (AddParameter): Name = "Surface Mount Land Size"; Value = "0.260" L x 0.260" W (6.60mm x 6.60mm)"; VariantName = "[No Variations]"
Change component parameters (AddParameter): Name = "Tolerance"; Value = "±20%"; VariantName = "[No Variations]"
Change component parameters (AddParameter): Name = "Voltage Rating"; Value = "16V"; VariantName = "[No Variations]"
Change component parameters: Designator = "C503"; Footprint = "CAP_ALUM_SMD_6377_TYPE_D8"; UniqueID = "\ITRTJABV\COCTJPFD"
Change component parameters. Clean all parameters for all variants
Change component parameters (AddParameter): Name = "Capacitance"; Value = "220µF"; VariantName = "[No Variations]"
Change component parameters (AddParameter): Name = "Category"; Value = "Capacitors"; VariantName = "[No Variations]"
Change component parameters (AddParameter): Name = "ComponentLink1Description"; Value = "http://www.nichicon.co.jp/english/products/pdfs/e-wt.pdf"; VariantName = "[No Variations]"
Change component parameters (AddParameter): Name = "ComponentLink1URL"; Value = "http://www.nichicon.co.jp/english/products/pdfs/e-wt.pdf"; VariantName = "[No Variations]"
Change component parameters (AddParameter): Name = "ESR (Equivalent Series Resistance)"; Value = "-"; VariantName = "[No Variations]"
Change component parameters (AddParameter): Name = "Features"; Value = "General Purpose"; VariantName = "[No Variations]"
Change component parameters (AddParameter): Name = "Height - Seated (Max)"; Value = "0.303" (7.70mm)"; VariantName = "[No Variations]"
Change component parameters (AddParameter): Name = "Impedance"; Value = "-"; VariantName = "[No Variations]"
Change component parameters (AddParameter): Name = "Lead Spacing"; Value = "-"; VariantName = "[No Variations]"
Change component parameters (AddParameter): Name = "Lifetime @ Temp."; Value = "1000 Hrs @ 105°C"; VariantName = "[No Variations]"
Change component parameters (AddParameter): Name = "Manufacturer"; Value = "Nichicon"; VariantName = "[No Variations]"
Change component parameters (AddParameter): Name = "Manufacturer Part Number"; Value = "UWT1C221MCL1GS"; VariantName = "[No Variations]"
Change component parameters (AddParameter): Name = "Mounting Type"; Value = "Surface Mount"; VariantName = "[No Variations]"
Change component parameters (AddParameter): Name = "Operating Temperature"; Value = "-55°C ~ 105°C"; VariantName = "[No Variations]"
Change component parameters (AddParameter): Name = "Package / Case"; Value = "Radial, Can - SMD"; VariantName = "[No Variations]"
Change component parameters (AddParameter): Name = "Packaging"; Value = "Cut Tape (CT)"; VariantName = "[No Variations]"
Change component parameters (AddParameter): Name = "Pricing 1"; Value = "1=0.46, 10=0.366, 100=0.2205, 250=0.16536 (USD)"; VariantName = "[No Variations]"
Change component parameters (AddParameter): Name = "Ripple Current"; Value = "105mA"; VariantName = "[No Variations]"
Change component parameters (AddParameter): Name = "RoHS"; Value = "RoHS Compliant"; VariantName = "[No Variations]"
Change component parameters (AddParameter): Name = "Size / Dimension"; Value = "0.248" Dia (6.30mm)"; VariantName = "[No Variations]"
Change component parameters (AddParameter): Name = "Stock 1"; Value = "45106"; VariantName = "[No Variations]"
Change component parameters (AddParameter): Name = "Supplier 1"; Value = "Digi-Key"; VariantName = "[No Variations]"
Change component parameters (AddParameter): Name = "Supplier Part Number 1"; Value = "493-2179-1-ND"; VariantName = "[No Variations]"
Change component parameters (AddParameter): Name = "Surface Mount Land Size"; Value = "0.260" L x 0.260" W (6.60mm x 6.60mm)"; VariantName = "[No Variations]"
Change component parameters (AddParameter): Name = "Tolerance"; Value = "±20%"; VariantName = "[No Variations]"
Change component parameters (AddParameter): Name = "Voltage Rating"; Value = "16V"; VariantName = "[No Variations]"
